mode: set
github.com/luigizuccarelli/golang-gitwebhook-service/pkg/validator/validate.go:13.59,17.27 4 1
github.com/luigizuccarelli/golang-gitwebhook-service/pkg/validator/validate.go:25.2,25.12 1 1
github.com/luigizuccarelli/golang-gitwebhook-service/pkg/validator/validate.go:17.27,18.15 1 1
github.com/luigizuccarelli/golang-gitwebhook-service/pkg/validator/validate.go:23.3,23.69 1 1
github.com/luigizuccarelli/golang-gitwebhook-service/pkg/validator/validate.go:18.15,21.4 2 1
github.com/luigizuccarelli/golang-gitwebhook-service/pkg/validator/validate.go:30.50,42.23 2 1
github.com/luigizuccarelli/golang-gitwebhook-service/pkg/validator/validate.go:47.2,47.12 1 1
github.com/luigizuccarelli/golang-gitwebhook-service/pkg/validator/validate.go:42.23,43.54 1 1
github.com/luigizuccarelli/golang-gitwebhook-service/pkg/validator/validate.go:43.54,45.4 1 1
github.com/luigizuccarelli/golang-gitwebhook-service/pkg/handlers/fake-connectors.go:18.52,20.2 1 1
github.com/luigizuccarelli/golang-gitwebhook-service/pkg/handlers/fake-connectors.go:30.72,31.23 1 1
github.com/luigizuccarelli/golang-gitwebhook-service/pkg/handlers/fake-connectors.go:34.2,34.23 1 1
github.com/luigizuccarelli/golang-gitwebhook-service/pkg/handlers/fake-connectors.go:31.23,33.3 1 1
github.com/luigizuccarelli/golang-gitwebhook-service/pkg/handlers/fake-connectors.go:41.77,43.2 1 1
github.com/luigizuccarelli/golang-gitwebhook-service/pkg/handlers/fake-connectors.go:46.55,50.2 1 1
github.com/luigizuccarelli/golang-gitwebhook-service/pkg/handlers/fake-connectors.go:53.64,55.2 1 1
github.com/luigizuccarelli/golang-gitwebhook-service/pkg/handlers/fake-connectors.go:57.63,59.2 1 1
github.com/luigizuccarelli/golang-gitwebhook-service/pkg/handlers/fake-connectors.go:61.64,63.2 1 1
github.com/luigizuccarelli/golang-gitwebhook-service/pkg/handlers/fake-connectors.go:65.64,67.2 1 1
github.com/luigizuccarelli/golang-gitwebhook-service/pkg/handlers/fake-connectors.go:70.107,75.16 2 1
github.com/luigizuccarelli/golang-gitwebhook-service/pkg/handlers/fake-connectors.go:79.2,79.73 1 1
github.com/luigizuccarelli/golang-gitwebhook-service/pkg/handlers/fake-connectors.go:90.2,91.13 2 1
github.com/luigizuccarelli/golang-gitwebhook-service/pkg/handlers/fake-connectors.go:75.16,77.13 2 0
github.com/luigizuccarelli/golang-gitwebhook-service/pkg/handlers/fake-connectors.go:79.73,88.3 1 1
github.com/luigizuccarelli/golang-gitwebhook-service/pkg/handlers/handlers.go:24.84,31.16 6 1
github.com/luigizuccarelli/golang-gitwebhook-service/pkg/handlers/handlers.go:39.2,40.16 2 1
github.com/luigizuccarelli/golang-gitwebhook-service/pkg/handlers/handlers.go:48.2,51.26 3 1
github.com/luigizuccarelli/golang-gitwebhook-service/pkg/handlers/handlers.go:59.2,62.57 2 1
github.com/luigizuccarelli/golang-gitwebhook-service/pkg/handlers/handlers.go:31.16,37.3 5 1
github.com/luigizuccarelli/golang-gitwebhook-service/pkg/handlers/handlers.go:40.16,46.3 5 1
github.com/luigizuccarelli/golang-gitwebhook-service/pkg/handlers/handlers.go:51.26,57.3 5 1
github.com/luigizuccarelli/golang-gitwebhook-service/pkg/handlers/handlers.go:62.57,64.29 1 1
github.com/luigizuccarelli/golang-gitwebhook-service/pkg/handlers/handlers.go:77.3,77.32 1 1
github.com/luigizuccarelli/golang-gitwebhook-service/pkg/handlers/handlers.go:105.3,106.17 2 1
github.com/luigizuccarelli/golang-gitwebhook-service/pkg/handlers/handlers.go:112.3,114.17 3 1
github.com/luigizuccarelli/golang-gitwebhook-service/pkg/handlers/handlers.go:120.3,123.37 4 1
github.com/luigizuccarelli/golang-gitwebhook-service/pkg/handlers/handlers.go:64.29,75.4 2 1
github.com/luigizuccarelli/golang-gitwebhook-service/pkg/handlers/handlers.go:77.32,79.30 1 1
github.com/luigizuccarelli/golang-gitwebhook-service/pkg/handlers/handlers.go:79.30,91.5 2 1
github.com/luigizuccarelli/golang-gitwebhook-service/pkg/handlers/handlers.go:91.10,103.5 2 1
github.com/luigizuccarelli/golang-gitwebhook-service/pkg/handlers/handlers.go:106.17,111.4 4 0
github.com/luigizuccarelli/golang-gitwebhook-service/pkg/handlers/handlers.go:114.17,119.4 4 1
github.com/luigizuccarelli/golang-gitwebhook-service/pkg/handlers/handlers.go:124.8,126.3 1 0
github.com/luigizuccarelli/golang-gitwebhook-service/pkg/handlers/handlers.go:129.54,131.2 1 1
github.com/luigizuccarelli/golang-gitwebhook-service/pkg/handlers/handlers.go:134.117,142.16 7 1
github.com/luigizuccarelli/golang-gitwebhook-service/pkg/handlers/handlers.go:146.2,147.44 2 1
github.com/luigizuccarelli/golang-gitwebhook-service/pkg/handlers/handlers.go:151.2,152.64 2 0
github.com/luigizuccarelli/golang-gitwebhook-service/pkg/handlers/handlers.go:142.16,145.3 2 1
github.com/luigizuccarelli/golang-gitwebhook-service/pkg/handlers/handlers.go:147.44,150.3 2 1
github.com/luigizuccarelli/golang-gitwebhook-service/pkg/handlers/handlers.go:155.48,160.23 4 1
github.com/luigizuccarelli/golang-gitwebhook-service/pkg/handlers/handlers.go:166.2,166.18 1 1
github.com/luigizuccarelli/golang-gitwebhook-service/pkg/handlers/handlers.go:169.2,169.20 1 1
github.com/luigizuccarelli/golang-gitwebhook-service/pkg/handlers/handlers.go:160.23,161.44 1 1
github.com/luigizuccarelli/golang-gitwebhook-service/pkg/handlers/handlers.go:161.44,163.9 2 1
github.com/luigizuccarelli/golang-gitwebhook-service/pkg/handlers/handlers.go:166.18,168.3 1 0
